


ARM Macro Assembler    Page 1 


    1 00000000         ;/* Copyright (c) 2012 ARM LIMITED
    2 00000000         ;
    3 00000000         ;   All rights reserved.
    4 00000000         ;   Redistribution and use in source and binary forms, w
                       ith or without
    5 00000000         ;   modification, are permitted provided that the follow
                       ing conditions are met:
    6 00000000         ;   - Redistributions of source code must retain the abo
                       ve copyright
    7 00000000         ;     notice, this list of conditions and the following 
                       disclaimer.
    8 00000000         ;   - Redistributions in binary form must reproduce the 
                       above copyright
    9 00000000         ;     notice, this list of conditions and the following 
                       disclaimer in the
   10 00000000         ;     documentation and/or other materials provided with
                        the distribution.
   11 00000000         ;   - Neither the name of ARM nor the names of its contr
                       ibutors may be used
   12 00000000         ;     to endorse or promote products derived from this s
                       oftware without
   13 00000000         ;     specific prior written permission.
   14 00000000         ;   *
   15 00000000         ;   THIS SOFTWARE IS PROVIDED BY THE COPYRIGHT HOLDERS A
                       ND CONTRIBUTORS "AS IS"
   16 00000000         ;   AND ANY EXPRESS OR IMPLIED WARRANTIES, INCLUDING, BU
                       T NOT LIMITED TO, THE
   17 00000000         ;   IMPLIED WARRANTIES OF MERCHANTABILITY AND FITNESS FO
                       R A PARTICULAR PURPOSE
   18 00000000         ;   ARE DISCLAIMED. IN NO EVENT SHALL COPYRIGHT HOLDERS 
                       AND CONTRIBUTORS BE
   19 00000000         ;   LIABLE FOR ANY DIRECT, INDIRECT, INCIDENTAL, SPECIAL
                       , EXEMPLARY, OR
   20 00000000         ;   CONSEQUENTIAL DAMAGES (INCLUDING, BUT NOT LIMITED TO
                       , PROCUREMENT OF
   21 00000000         ;   SUBSTITUTE GOODS OR SERVICES; LOSS OF USE, DATA, OR 
                       PROFITS; OR BUSINESS
   22 00000000         ;   INTERRUPTION) HOWEVER CAUSED AND ON ANY THEORY OF LI
                       ABILITY, WHETHER IN
   23 00000000         ;   CONTRACT, STRICT LIABILITY, OR TORT (INCLUDING NEGLI
                       GENCE OR OTHERWISE)
   24 00000000         ;   ARISING IN ANY WAY OUT OF THE USE OF THIS SOFTWARE, 
                       EVEN IF ADVISED OF THE
   25 00000000         ;   POSSIBILITY OF SUCH DAMAGE.
   26 00000000         ;   ----------------------------------------------------
                       -----------------------*/
   27 00000000         
   28 00000000                 IF               :DEF: __STACK_SIZE
   31 00000000 00000800 
                       Stack_Size
                               EQU              2048
   32 00000000                 ENDIF
   33 00000000         
   34 00000000                 AREA             STACK, NOINIT, READWRITE, ALIGN
=3
   35 00000000         Stack_Mem
                               SPACE            Stack_Size
   36 00000800         __initial_sp
   37 00000800         



ARM Macro Assembler    Page 2 


   38 00000800                 IF               :DEF: __HEAP_SIZE
   41 00000800 00000800 
                       Heap_Size
                               EQU              2048
   42 00000800                 ENDIF
   43 00000800         
   44 00000800                 AREA             HEAP, NOINIT, READWRITE, ALIGN=
3
   45 00000000         __heap_base
   46 00000000         Heap_Mem
                               SPACE            Heap_Size
   47 00000800         __heap_limit
   48 00000800         
   49 00000800                 PRESERVE8
   50 00000800                 THUMB
   51 00000800         
   52 00000800         ; Vector Table Mapped to Address 0 at Reset
   53 00000800         
   54 00000800                 AREA             RESET, DATA, READONLY
   55 00000000                 EXPORT           __Vectors
   56 00000000                 EXPORT           __Vectors_End
   57 00000000                 EXPORT           __Vectors_Size
   58 00000000         
   59 00000000 00000000 
                       __Vectors
                               DCD              __initial_sp ; Top of Stack
   60 00000004 00000000        DCD              Reset_Handler
   61 00000008 00000000        DCD              NMI_Handler
   62 0000000C 00000000        DCD              HardFault_Handler
   63 00000010 00000000        DCD              0           ; Reserved
   64 00000014 00000000        DCD              0           ; Reserved
   65 00000018 00000000        DCD              0           ; Reserved
   66 0000001C 00000000        DCD              0           ; Reserved
   67 00000020 00000000        DCD              0           ; Reserved
   68 00000024 00000000        DCD              0           ; Reserved
   69 00000028 00000000        DCD              0           ; Reserved
   70 0000002C 00000000        DCD              SVC_Handler
   71 00000030 00000000        DCD              0           ; Reserved
   72 00000034 00000000        DCD              0           ; Reserved
   73 00000038 00000000        DCD              PendSV_Handler
   74 0000003C 00000000        DCD              SysTick_Handler
   75 00000040         
   76 00000040         ; External Interrupts
   77 00000040 00000000        DCD              POWER_CLOCK_IRQHandler
   78 00000044 00000000        DCD              RADIO_IRQHandler
   79 00000048 00000000        DCD              UART0_IRQHandler
   80 0000004C 00000000        DCD              SPI0_TWI0_IRQHandler
   81 00000050 00000000        DCD              SPI1_TWI1_IRQHandler
   82 00000054 00000000        DCD              0           ; Reserved
   83 00000058 00000000        DCD              GPIOTE_IRQHandler
   84 0000005C 00000000        DCD              ADC_IRQHandler
   85 00000060 00000000        DCD              TIMER0_IRQHandler
   86 00000064 00000000        DCD              TIMER1_IRQHandler
   87 00000068 00000000        DCD              TIMER2_IRQHandler
   88 0000006C 00000000        DCD              RTC0_IRQHandler
   89 00000070 00000000        DCD              TEMP_IRQHandler
   90 00000074 00000000        DCD              RNG_IRQHandler
   91 00000078 00000000        DCD              ECB_IRQHandler
   92 0000007C 00000000        DCD              CCM_AAR_IRQHandler



ARM Macro Assembler    Page 3 


   93 00000080 00000000        DCD              WDT_IRQHandler
   94 00000084 00000000        DCD              RTC1_IRQHandler
   95 00000088 00000000        DCD              QDEC_IRQHandler
   96 0000008C 00000000        DCD              LPCOMP_IRQHandler
   97 00000090 00000000        DCD              SWI0_IRQHandler
   98 00000094 00000000        DCD              SWI1_IRQHandler
   99 00000098 00000000        DCD              SWI2_IRQHandler
  100 0000009C 00000000        DCD              SWI3_IRQHandler
  101 000000A0 00000000        DCD              SWI4_IRQHandler
  102 000000A4 00000000        DCD              SWI5_IRQHandler
  103 000000A8 00000000        DCD              0           ; Reserved
  104 000000AC 00000000        DCD              0           ; Reserved
  105 000000B0 00000000        DCD              0           ; Reserved
  106 000000B4 00000000        DCD              0           ; Reserved
  107 000000B8 00000000        DCD              0           ; Reserved
  108 000000BC 00000000        DCD              0           ; Reserved
  109 000000C0         
  110 000000C0         __Vectors_End
  111 000000C0         
  112 000000C0 000000C0 
                       __Vectors_Size
                               EQU              __Vectors_End - __Vectors
  113 000000C0         
  114 000000C0                 AREA             |.text|, CODE, READONLY
  115 00000000         
  116 00000000         ; Reset Handler
  117 00000000         
  118 00000000 40000524 
                       NRF_POWER_RAMON_ADDRESS
                               EQU              0x40000524  ; NRF_POWER->RAMON 
                                                            address
  119 00000000 40000554 
                       NRF_POWER_RAMONB_ADDRESS
                               EQU              0x40000554  ; NRF_POWER->RAMONB
                                                             address
  120 00000000 00000003 
                       NRF_POWER_RAMONx_RAMxON_ONMODE_Msk
                               EQU              0x3         ; All RAM blocks on
                                                             in onmode bit mask
                                                            
  121 00000000         
  122 00000000         Reset_Handler
                               PROC
  123 00000000                 EXPORT           Reset_Handler             [WEAK
]
  124 00000000                 IMPORT           SystemInit
  125 00000000                 IMPORT           __main
  126 00000000         
  127 00000000 2103            MOVS             R1, #NRF_POWER_RAMONx_RAMxON_ON
MODE_Msk
  128 00000002         
  129 00000002 4809            LDR              R0, =NRF_POWER_RAMON_ADDRESS
  130 00000004 6802            LDR              R2, [R0]
  131 00000006 430A            ORRS             R2, R2, R1
  132 00000008 6002            STR              R2, [R0]
  133 0000000A         
  134 0000000A 4808            LDR              R0, =NRF_POWER_RAMONB_ADDRESS
  135 0000000C 6802            LDR              R2, [R0]
  136 0000000E 430A            ORRS             R2, R2, R1



ARM Macro Assembler    Page 4 


  137 00000010 6002            STR              R2, [R0]
  138 00000012         
  139 00000012 4807            LDR              R0, =SystemInit
  140 00000014 4780            BLX              R0
  141 00000016 4807            LDR              R0, =__main
  142 00000018 4700            BX               R0
  143 0000001A                 ENDP
  144 0000001A         
  145 0000001A         ; Dummy Exception Handlers (infinite loops which can be 
                       modified)
  146 0000001A         
  147 0000001A         NMI_Handler
                               PROC
  148 0000001A                 EXPORT           NMI_Handler               [WEAK
]
  149 0000001A E7FE            B                .
  150 0000001C                 ENDP
  152 0000001C         HardFault_Handler
                               PROC
  153 0000001C                 EXPORT           HardFault_Handler         [WEAK
]
  154 0000001C E7FE            B                .
  155 0000001E                 ENDP
  156 0000001E         SVC_Handler
                               PROC
  157 0000001E                 EXPORT           SVC_Handler               [WEAK
]
  158 0000001E E7FE            B                .
  159 00000020                 ENDP
  160 00000020         PendSV_Handler
                               PROC
  161 00000020                 EXPORT           PendSV_Handler            [WEAK
]
  162 00000020 E7FE            B                .
  163 00000022                 ENDP
  164 00000022         SysTick_Handler
                               PROC
  165 00000022                 EXPORT           SysTick_Handler           [WEAK
]
  166 00000022 E7FE            B                .
  167 00000024                 ENDP
  168 00000024         
  169 00000024         Default_Handler
                               PROC
  170 00000024         
  171 00000024                 EXPORT           POWER_CLOCK_IRQHandler [WEAK]
  172 00000024                 EXPORT           RADIO_IRQHandler [WEAK]
  173 00000024                 EXPORT           UART0_IRQHandler [WEAK]
  174 00000024                 EXPORT           SPI0_TWI0_IRQHandler [WEAK]
  175 00000024                 EXPORT           SPI1_TWI1_IRQHandler [WEAK]
  176 00000024                 EXPORT           GPIOTE_IRQHandler [WEAK]
  177 00000024                 EXPORT           ADC_IRQHandler [WEAK]
  178 00000024                 EXPORT           TIMER0_IRQHandler [WEAK]
  179 00000024                 EXPORT           TIMER1_IRQHandler [WEAK]
  180 00000024                 EXPORT           TIMER2_IRQHandler [WEAK]
  181 00000024                 EXPORT           RTC0_IRQHandler [WEAK]
  182 00000024                 EXPORT           TEMP_IRQHandler [WEAK]
  183 00000024                 EXPORT           RNG_IRQHandler [WEAK]
  184 00000024                 EXPORT           ECB_IRQHandler [WEAK]



ARM Macro Assembler    Page 5 


  185 00000024                 EXPORT           CCM_AAR_IRQHandler [WEAK]
  186 00000024                 EXPORT           WDT_IRQHandler [WEAK]
  187 00000024                 EXPORT           RTC1_IRQHandler [WEAK]
  188 00000024                 EXPORT           QDEC_IRQHandler [WEAK]
  189 00000024                 EXPORT           LPCOMP_IRQHandler [WEAK]
  190 00000024                 EXPORT           SWI0_IRQHandler [WEAK]
  191 00000024                 EXPORT           SWI1_IRQHandler [WEAK]
  192 00000024                 EXPORT           SWI2_IRQHandler [WEAK]
  193 00000024                 EXPORT           SWI3_IRQHandler [WEAK]
  194 00000024                 EXPORT           SWI4_IRQHandler [WEAK]
  195 00000024                 EXPORT           SWI5_IRQHandler [WEAK]
  196 00000024         POWER_CLOCK_IRQHandler
  197 00000024         RADIO_IRQHandler
  198 00000024         UART0_IRQHandler
  199 00000024         SPI0_TWI0_IRQHandler
  200 00000024         SPI1_TWI1_IRQHandler
  201 00000024         GPIOTE_IRQHandler
  202 00000024         ADC_IRQHandler
  203 00000024         TIMER0_IRQHandler
  204 00000024         TIMER1_IRQHandler
  205 00000024         TIMER2_IRQHandler
  206 00000024         RTC0_IRQHandler
  207 00000024         TEMP_IRQHandler
  208 00000024         RNG_IRQHandler
  209 00000024         ECB_IRQHandler
  210 00000024         CCM_AAR_IRQHandler
  211 00000024         WDT_IRQHandler
  212 00000024         RTC1_IRQHandler
  213 00000024         QDEC_IRQHandler
  214 00000024         LPCOMP_IRQHandler
  215 00000024         SWI0_IRQHandler
  216 00000024         SWI1_IRQHandler
  217 00000024         SWI2_IRQHandler
  218 00000024         SWI3_IRQHandler
  219 00000024         SWI4_IRQHandler
  220 00000024         SWI5_IRQHandler
  221 00000024 E7FE            B                .
  222 00000026                 ENDP
  223 00000026 00 00           ALIGN
  224 00000028         
  225 00000028         ; User Initial Stack & Heap
  226 00000028         
  227 00000028                 IF               :DEF:__MICROLIB
  228 00000028         
  229 00000028                 EXPORT           __initial_sp
  230 00000028                 EXPORT           __heap_base
  231 00000028                 EXPORT           __heap_limit
  232 00000028         
  233 00000028                 ELSE
  249                          ENDIF
  250 00000028         
  251 00000028                 END
              40000524 
              40000554 
              00000000 
              00000000 
Command Line: --debug --xref --diag_suppress=9931 --cpu=Cortex-M0 --apcs=interw
ork --depend=.\_build\arm_startup_nrf51.d -o.\_build\arm_startup_nrf51.o -IZ:\n
RF51_SDK_zip\Nordic\nRF5_SDK_11.0.0_89a8197\examples\ble_peripheral_received\nR



ARM Macro Assembler    Page 6 


F52-fds-example-master\pca10028\s130\arm5_no_packs\RTE -IC:\Keil_v5\ARM\PACK\AR
M\CMSIS\4.5.0\CMSIS\Include -IC:\Keil_v5\ARM\PACK\NordicSemiconductor\nRF_Devic
eFamilyPack\8.5.0\Device\Include -IC:\Keil_v5\ARM\PACK\NordicSemiconductor\nRF_
DeviceFamilyPack\8.9.0\Device\Include --predefine="__MICROLIB SETA 1" --predefi
ne="__UVISION_VERSION SETA 521" --predefine="_RTE_ SETA 1" --predefine="NRF51 S
ETA 1" --predefine="BLE_STACK_SUPPORT_REQD SETA 1" --predefine="S130 SETA 1" --
predefine="BOARD_PCA10028 SETA 1" --predefine="NRF_LOG_USES_UART SETA 1" --pred
efine="SOFTDEVICE_PRESENT SETA 1" --predefine="NRF51 SETA 1" --predefine="SWI_D
ISABLE0 SETA 1" --list=.\_build\arm_startup_nrf51.lst RTE\Device\nRF51422_xxAC\
arm_startup_nrf51.s



ARM Macro Assembler    Page 1 Alphabetic symbol ordering
Relocatable symbols

STACK 00000000

Symbol: STACK
   Definitions
      At line 34 in file RTE\Device\nRF51422_xxAC\arm_startup_nrf51.s
   Uses
      None
Comment: STACK unused
Stack_Mem 00000000

Symbol: Stack_Mem
   Definitions
      At line 35 in file RTE\Device\nRF51422_xxAC\arm_startup_nrf51.s
   Uses
      None
Comment: Stack_Mem unused
__initial_sp 00000800

Symbol: __initial_sp
   Definitions
      At line 36 in file RTE\Device\nRF51422_xxAC\arm_startup_nrf51.s
   Uses
      At line 59 in file RTE\Device\nRF51422_xxAC\arm_startup_nrf51.s
      At line 229 in file RTE\Device\nRF51422_xxAC\arm_startup_nrf51.s

3 symbols



ARM Macro Assembler    Page 1 Alphabetic symbol ordering
Relocatable symbols

HEAP 00000000

Symbol: HEAP
   Definitions
      At line 44 in file RTE\Device\nRF51422_xxAC\arm_startup_nrf51.s
   Uses
      None
Comment: HEAP unused
Heap_Mem 00000000

Symbol: Heap_Mem
   Definitions
      At line 46 in file RTE\Device\nRF51422_xxAC\arm_startup_nrf51.s
   Uses
      None
Comment: Heap_Mem unused
__heap_base 00000000

Symbol: __heap_base
   Definitions
      At line 45 in file RTE\Device\nRF51422_xxAC\arm_startup_nrf51.s
   Uses
      At line 230 in file RTE\Device\nRF51422_xxAC\arm_startup_nrf51.s
Comment: __heap_base used once
__heap_limit 00000800

Symbol: __heap_limit
   Definitions
      At line 47 in file RTE\Device\nRF51422_xxAC\arm_startup_nrf51.s
   Uses
      At line 231 in file RTE\Device\nRF51422_xxAC\arm_startup_nrf51.s
Comment: __heap_limit used once
4 symbols



ARM Macro Assembler    Page 1 Alphabetic symbol ordering
Relocatable symbols

RESET 00000000

Symbol: RESET
   Definitions
      At line 54 in file RTE\Device\nRF51422_xxAC\arm_startup_nrf51.s
   Uses
      None
Comment: RESET unused
__Vectors 00000000

Symbol: __Vectors
   Definitions
      At line 59 in file RTE\Device\nRF51422_xxAC\arm_startup_nrf51.s
   Uses
      At line 55 in file RTE\Device\nRF51422_xxAC\arm_startup_nrf51.s
      At line 112 in file RTE\Device\nRF51422_xxAC\arm_startup_nrf51.s

__Vectors_End 000000C0

Symbol: __Vectors_End
   Definitions
      At line 110 in file RTE\Device\nRF51422_xxAC\arm_startup_nrf51.s
   Uses
      At line 56 in file RTE\Device\nRF51422_xxAC\arm_startup_nrf51.s
      At line 112 in file RTE\Device\nRF51422_xxAC\arm_startup_nrf51.s

3 symbols



ARM Macro Assembler    Page 1 Alphabetic symbol ordering
Relocatable symbols

.text 00000000

Symbol: .text
   Definitions
      At line 114 in file RTE\Device\nRF51422_xxAC\arm_startup_nrf51.s
   Uses
      None
Comment: .text unused
ADC_IRQHandler 00000024

Symbol: ADC_IRQHandler
   Definitions
      At line 202 in file RTE\Device\nRF51422_xxAC\arm_startup_nrf51.s
   Uses
      At line 84 in file RTE\Device\nRF51422_xxAC\arm_startup_nrf51.s
      At line 177 in file RTE\Device\nRF51422_xxAC\arm_startup_nrf51.s

CCM_AAR_IRQHandler 00000024

Symbol: CCM_AAR_IRQHandler
   Definitions
      At line 210 in file RTE\Device\nRF51422_xxAC\arm_startup_nrf51.s
   Uses
      At line 92 in file RTE\Device\nRF51422_xxAC\arm_startup_nrf51.s
      At line 185 in file RTE\Device\nRF51422_xxAC\arm_startup_nrf51.s

Default_Handler 00000024

Symbol: Default_Handler
   Definitions
      At line 169 in file RTE\Device\nRF51422_xxAC\arm_startup_nrf51.s
   Uses
      None
Comment: Default_Handler unused
ECB_IRQHandler 00000024

Symbol: ECB_IRQHandler
   Definitions
      At line 209 in file RTE\Device\nRF51422_xxAC\arm_startup_nrf51.s
   Uses
      At line 91 in file RTE\Device\nRF51422_xxAC\arm_startup_nrf51.s
      At line 184 in file RTE\Device\nRF51422_xxAC\arm_startup_nrf51.s

GPIOTE_IRQHandler 00000024

Symbol: GPIOTE_IRQHandler
   Definitions
      At line 201 in file RTE\Device\nRF51422_xxAC\arm_startup_nrf51.s
   Uses
      At line 83 in file RTE\Device\nRF51422_xxAC\arm_startup_nrf51.s
      At line 176 in file RTE\Device\nRF51422_xxAC\arm_startup_nrf51.s

HardFault_Handler 0000001C

Symbol: HardFault_Handler
   Definitions
      At line 152 in file RTE\Device\nRF51422_xxAC\arm_startup_nrf51.s
   Uses
      At line 62 in file RTE\Device\nRF51422_xxAC\arm_startup_nrf51.s



ARM Macro Assembler    Page 2 Alphabetic symbol ordering
Relocatable symbols

      At line 153 in file RTE\Device\nRF51422_xxAC\arm_startup_nrf51.s

LPCOMP_IRQHandler 00000024

Symbol: LPCOMP_IRQHandler
   Definitions
      At line 214 in file RTE\Device\nRF51422_xxAC\arm_startup_nrf51.s
   Uses
      At line 96 in file RTE\Device\nRF51422_xxAC\arm_startup_nrf51.s
      At line 189 in file RTE\Device\nRF51422_xxAC\arm_startup_nrf51.s

NMI_Handler 0000001A

Symbol: NMI_Handler
   Definitions
      At line 147 in file RTE\Device\nRF51422_xxAC\arm_startup_nrf51.s
   Uses
      At line 61 in file RTE\Device\nRF51422_xxAC\arm_startup_nrf51.s
      At line 148 in file RTE\Device\nRF51422_xxAC\arm_startup_nrf51.s

POWER_CLOCK_IRQHandler 00000024

Symbol: POWER_CLOCK_IRQHandler
   Definitions
      At line 196 in file RTE\Device\nRF51422_xxAC\arm_startup_nrf51.s
   Uses
      At line 77 in file RTE\Device\nRF51422_xxAC\arm_startup_nrf51.s
      At line 171 in file RTE\Device\nRF51422_xxAC\arm_startup_nrf51.s

PendSV_Handler 00000020

Symbol: PendSV_Handler
   Definitions
      At line 160 in file RTE\Device\nRF51422_xxAC\arm_startup_nrf51.s
   Uses
      At line 73 in file RTE\Device\nRF51422_xxAC\arm_startup_nrf51.s
      At line 161 in file RTE\Device\nRF51422_xxAC\arm_startup_nrf51.s

QDEC_IRQHandler 00000024

Symbol: QDEC_IRQHandler
   Definitions
      At line 213 in file RTE\Device\nRF51422_xxAC\arm_startup_nrf51.s
   Uses
      At line 95 in file RTE\Device\nRF51422_xxAC\arm_startup_nrf51.s
      At line 188 in file RTE\Device\nRF51422_xxAC\arm_startup_nrf51.s

RADIO_IRQHandler 00000024

Symbol: RADIO_IRQHandler
   Definitions
      At line 197 in file RTE\Device\nRF51422_xxAC\arm_startup_nrf51.s
   Uses
      At line 78 in file RTE\Device\nRF51422_xxAC\arm_startup_nrf51.s
      At line 172 in file RTE\Device\nRF51422_xxAC\arm_startup_nrf51.s

RNG_IRQHandler 00000024

Symbol: RNG_IRQHandler



ARM Macro Assembler    Page 3 Alphabetic symbol ordering
Relocatable symbols

   Definitions
      At line 208 in file RTE\Device\nRF51422_xxAC\arm_startup_nrf51.s
   Uses
      At line 90 in file RTE\Device\nRF51422_xxAC\arm_startup_nrf51.s
      At line 183 in file RTE\Device\nRF51422_xxAC\arm_startup_nrf51.s

RTC0_IRQHandler 00000024

Symbol: RTC0_IRQHandler
   Definitions
      At line 206 in file RTE\Device\nRF51422_xxAC\arm_startup_nrf51.s
   Uses
      At line 88 in file RTE\Device\nRF51422_xxAC\arm_startup_nrf51.s
      At line 181 in file RTE\Device\nRF51422_xxAC\arm_startup_nrf51.s

RTC1_IRQHandler 00000024

Symbol: RTC1_IRQHandler
   Definitions
      At line 212 in file RTE\Device\nRF51422_xxAC\arm_startup_nrf51.s
   Uses
      At line 94 in file RTE\Device\nRF51422_xxAC\arm_startup_nrf51.s
      At line 187 in file RTE\Device\nRF51422_xxAC\arm_startup_nrf51.s

Reset_Handler 00000000

Symbol: Reset_Handler
   Definitions
      At line 122 in file RTE\Device\nRF51422_xxAC\arm_startup_nrf51.s
   Uses
      At line 60 in file RTE\Device\nRF51422_xxAC\arm_startup_nrf51.s
      At line 123 in file RTE\Device\nRF51422_xxAC\arm_startup_nrf51.s

SPI0_TWI0_IRQHandler 00000024

Symbol: SPI0_TWI0_IRQHandler
   Definitions
      At line 199 in file RTE\Device\nRF51422_xxAC\arm_startup_nrf51.s
   Uses
      At line 80 in file RTE\Device\nRF51422_xxAC\arm_startup_nrf51.s
      At line 174 in file RTE\Device\nRF51422_xxAC\arm_startup_nrf51.s

SPI1_TWI1_IRQHandler 00000024

Symbol: SPI1_TWI1_IRQHandler
   Definitions
      At line 200 in file RTE\Device\nRF51422_xxAC\arm_startup_nrf51.s
   Uses
      At line 81 in file RTE\Device\nRF51422_xxAC\arm_startup_nrf51.s
      At line 175 in file RTE\Device\nRF51422_xxAC\arm_startup_nrf51.s

SVC_Handler 0000001E

Symbol: SVC_Handler
   Definitions
      At line 156 in file RTE\Device\nRF51422_xxAC\arm_startup_nrf51.s
   Uses
      At line 70 in file RTE\Device\nRF51422_xxAC\arm_startup_nrf51.s
      At line 157 in file RTE\Device\nRF51422_xxAC\arm_startup_nrf51.s



ARM Macro Assembler    Page 4 Alphabetic symbol ordering
Relocatable symbols


SWI0_IRQHandler 00000024

Symbol: SWI0_IRQHandler
   Definitions
      At line 215 in file RTE\Device\nRF51422_xxAC\arm_startup_nrf51.s
   Uses
      At line 97 in file RTE\Device\nRF51422_xxAC\arm_startup_nrf51.s
      At line 190 in file RTE\Device\nRF51422_xxAC\arm_startup_nrf51.s

SWI1_IRQHandler 00000024

Symbol: SWI1_IRQHandler
   Definitions
      At line 216 in file RTE\Device\nRF51422_xxAC\arm_startup_nrf51.s
   Uses
      At line 98 in file RTE\Device\nRF51422_xxAC\arm_startup_nrf51.s
      At line 191 in file RTE\Device\nRF51422_xxAC\arm_startup_nrf51.s

SWI2_IRQHandler 00000024

Symbol: SWI2_IRQHandler
   Definitions
      At line 217 in file RTE\Device\nRF51422_xxAC\arm_startup_nrf51.s
   Uses
      At line 99 in file RTE\Device\nRF51422_xxAC\arm_startup_nrf51.s
      At line 192 in file RTE\Device\nRF51422_xxAC\arm_startup_nrf51.s

SWI3_IRQHandler 00000024

Symbol: SWI3_IRQHandler
   Definitions
      At line 218 in file RTE\Device\nRF51422_xxAC\arm_startup_nrf51.s
   Uses
      At line 100 in file RTE\Device\nRF51422_xxAC\arm_startup_nrf51.s
      At line 193 in file RTE\Device\nRF51422_xxAC\arm_startup_nrf51.s

SWI4_IRQHandler 00000024

Symbol: SWI4_IRQHandler
   Definitions
      At line 219 in file RTE\Device\nRF51422_xxAC\arm_startup_nrf51.s
   Uses
      At line 101 in file RTE\Device\nRF51422_xxAC\arm_startup_nrf51.s
      At line 194 in file RTE\Device\nRF51422_xxAC\arm_startup_nrf51.s

SWI5_IRQHandler 00000024

Symbol: SWI5_IRQHandler
   Definitions
      At line 220 in file RTE\Device\nRF51422_xxAC\arm_startup_nrf51.s
   Uses
      At line 102 in file RTE\Device\nRF51422_xxAC\arm_startup_nrf51.s
      At line 195 in file RTE\Device\nRF51422_xxAC\arm_startup_nrf51.s

SysTick_Handler 00000022

Symbol: SysTick_Handler
   Definitions



ARM Macro Assembler    Page 5 Alphabetic symbol ordering
Relocatable symbols

      At line 164 in file RTE\Device\nRF51422_xxAC\arm_startup_nrf51.s
   Uses
      At line 74 in file RTE\Device\nRF51422_xxAC\arm_startup_nrf51.s
      At line 165 in file RTE\Device\nRF51422_xxAC\arm_startup_nrf51.s

TEMP_IRQHandler 00000024

Symbol: TEMP_IRQHandler
   Definitions
      At line 207 in file RTE\Device\nRF51422_xxAC\arm_startup_nrf51.s
   Uses
      At line 89 in file RTE\Device\nRF51422_xxAC\arm_startup_nrf51.s
      At line 182 in file RTE\Device\nRF51422_xxAC\arm_startup_nrf51.s

TIMER0_IRQHandler 00000024

Symbol: TIMER0_IRQHandler
   Definitions
      At line 203 in file RTE\Device\nRF51422_xxAC\arm_startup_nrf51.s
   Uses
      At line 85 in file RTE\Device\nRF51422_xxAC\arm_startup_nrf51.s
      At line 178 in file RTE\Device\nRF51422_xxAC\arm_startup_nrf51.s

TIMER1_IRQHandler 00000024

Symbol: TIMER1_IRQHandler
   Definitions
      At line 204 in file RTE\Device\nRF51422_xxAC\arm_startup_nrf51.s
   Uses
      At line 86 in file RTE\Device\nRF51422_xxAC\arm_startup_nrf51.s
      At line 179 in file RTE\Device\nRF51422_xxAC\arm_startup_nrf51.s

TIMER2_IRQHandler 00000024

Symbol: TIMER2_IRQHandler
   Definitions
      At line 205 in file RTE\Device\nRF51422_xxAC\arm_startup_nrf51.s
   Uses
      At line 87 in file RTE\Device\nRF51422_xxAC\arm_startup_nrf51.s
      At line 180 in file RTE\Device\nRF51422_xxAC\arm_startup_nrf51.s

UART0_IRQHandler 00000024

Symbol: UART0_IRQHandler
   Definitions
      At line 198 in file RTE\Device\nRF51422_xxAC\arm_startup_nrf51.s
   Uses
      At line 79 in file RTE\Device\nRF51422_xxAC\arm_startup_nrf51.s
      At line 173 in file RTE\Device\nRF51422_xxAC\arm_startup_nrf51.s

WDT_IRQHandler 00000024

Symbol: WDT_IRQHandler
   Definitions
      At line 211 in file RTE\Device\nRF51422_xxAC\arm_startup_nrf51.s
   Uses
      At line 93 in file RTE\Device\nRF51422_xxAC\arm_startup_nrf51.s
      At line 186 in file RTE\Device\nRF51422_xxAC\arm_startup_nrf51.s




ARM Macro Assembler    Page 6 Alphabetic symbol ordering
Relocatable symbols

33 symbols



ARM Macro Assembler    Page 1 Alphabetic symbol ordering
Absolute symbols

Heap_Size 00000800

Symbol: Heap_Size
   Definitions
      At line 41 in file RTE\Device\nRF51422_xxAC\arm_startup_nrf51.s
   Uses
      At line 46 in file RTE\Device\nRF51422_xxAC\arm_startup_nrf51.s
Comment: Heap_Size used once
NRF_POWER_RAMONB_ADDRESS 40000554

Symbol: NRF_POWER_RAMONB_ADDRESS
   Definitions
      At line 119 in file RTE\Device\nRF51422_xxAC\arm_startup_nrf51.s
   Uses
      At line 134 in file RTE\Device\nRF51422_xxAC\arm_startup_nrf51.s
Comment: NRF_POWER_RAMONB_ADDRESS used once
NRF_POWER_RAMON_ADDRESS 40000524

Symbol: NRF_POWER_RAMON_ADDRESS
   Definitions
      At line 118 in file RTE\Device\nRF51422_xxAC\arm_startup_nrf51.s
   Uses
      At line 129 in file RTE\Device\nRF51422_xxAC\arm_startup_nrf51.s
Comment: NRF_POWER_RAMON_ADDRESS used once
NRF_POWER_RAMONx_RAMxON_ONMODE_Msk 00000003

Symbol: NRF_POWER_RAMONx_RAMxON_ONMODE_Msk
   Definitions
      At line 120 in file RTE\Device\nRF51422_xxAC\arm_startup_nrf51.s
   Uses
      At line 127 in file RTE\Device\nRF51422_xxAC\arm_startup_nrf51.s
Comment: NRF_POWER_RAMONx_RAMxON_ONMODE_Msk used once
Stack_Size 00000800

Symbol: Stack_Size
   Definitions
      At line 31 in file RTE\Device\nRF51422_xxAC\arm_startup_nrf51.s
   Uses
      At line 35 in file RTE\Device\nRF51422_xxAC\arm_startup_nrf51.s
Comment: Stack_Size used once
__Vectors_Size 000000C0

Symbol: __Vectors_Size
   Definitions
      At line 112 in file RTE\Device\nRF51422_xxAC\arm_startup_nrf51.s
   Uses
      At line 57 in file RTE\Device\nRF51422_xxAC\arm_startup_nrf51.s
Comment: __Vectors_Size used once
6 symbols



ARM Macro Assembler    Page 1 Alphabetic symbol ordering
External symbols

SystemInit 00000000

Symbol: SystemInit
   Definitions
      At line 124 in file RTE\Device\nRF51422_xxAC\arm_startup_nrf51.s
   Uses
      At line 139 in file RTE\Device\nRF51422_xxAC\arm_startup_nrf51.s
Comment: SystemInit used once
__main 00000000

Symbol: __main
   Definitions
      At line 125 in file RTE\Device\nRF51422_xxAC\arm_startup_nrf51.s
   Uses
      At line 141 in file RTE\Device\nRF51422_xxAC\arm_startup_nrf51.s
Comment: __main used once
2 symbols
397 symbols in table
